--- Copying files at Sat Dec 21 01:02:55 UTC 2024
INSTALLED plugins/workflow-scm-step.jpi : 427.v4ca_6512e7df1
INSTALLED plugins/blueocean-jwt.jpi : 1.27.16
INSTALLED plugins/bouncycastle-api.jpi : 2.30.1.78.1-248.ve27176eb_46cb_
INSTALLED plugins/workflow-job.jpi : 1472.ve4d5eca_143c4
INSTALLED plugins/pipeline-stage-tags-metadata.jpi : 2.2218.v56d0cda_37c72
INSTALLED plugins/workflow-support.jpi : 936.v9fa_77211ca_e1
INSTALLED plugins/favorite.jpi : 2.221.v19ca_666b_62f5
INSTALLED plugins/git-client.jpi : 6.1.0
INSTALLED plugins/token-macro.jpi : 400.v35420b_922dcb_
INSTALLED plugins/mina-sshd-api-core.jpi : 2.14.0-136.v4d2b_0853615e
INSTALLED plugins/commons-text-api.jpi : 1.12.0-129.v99a_50df237f7
INSTALLED plugins/caffeine-api.jpi : 3.1.8-133.v17b_1ff2e0599
INSTALLED plugins/commons-lang3-api.jpi : 3.17.0-84.vb_b_938040b_078
INSTALLED plugins/github-branch-source.jpi : 1807.v50351eb_7dd13
INSTALLED plugins/github-api.jpi : 1.321-478.vc9ce627ce001
INSTALLED plugins/display-url-api.jpi : 2.209.v582ed814ff2f
INSTALLED plugins/github.jpi : 1.40.0
INSTALLED plugins/jjwt-api.jpi : 0.11.5-112.ve82dfb_224b_a_d
INSTALLED plugins/branch-api.jpi : 2.1202.vc51412f3ed84
INSTALLED plugins/jenkins-design-language.jpi : 1.27.16
INSTALLED plugins/scm-api.jpi : 698.v8e3b_c788f0a_6
INSTALLED plugins/blueocean-pipeline-api-impl.jpi : 1.27.16
INSTALLED plugins/cloudbees-folder.jpi : 6.975.v4161e479479f
INSTALLED plugins/blueocean-bitbucket-pipeline.jpi : 1.27.16
INSTALLED plugins/json-api.jpi : 20240303-101.v7a_8666713110
INSTALLED plugins/workflow-durable-task-step.jpi : 1398.vf6c9e89e5988
INSTALLED plugins/plugin-util-api.jpi : 5.1.0
INSTALLED plugins/jquery3-api.jpi : 3.7.1-2
INSTALLED plugins/pipeline-stage-step.jpi : 312.v8cd10304c27a_
INSTALLED plugins/handy-uri-templates-2-api.jpi : 2.1.8-30.v7e777411b_148
INSTALLED plugins/bootstrap5-api.jpi : 5.3.3-1
INSTALLED plugins/authentication-tokens.jpi : 1.119.v50285141b_7e1
INSTALLED plugins/workflow-multibranch.jpi : 795.ve0cb_1f45ca_9a_
INSTALLED plugins/htmlpublisher.jpi : 1.37
INSTALLED plugins/blueocean-display-url.jpi : 2.4.3
INSTALLED plugins/asm-api.jpi : 9.7.1-97.v4cc844130d97
INSTALLED plugins/blueocean-github-pipeline.jpi : 1.27.16
INSTALLED plugins/blueocean-core-js.jpi : 1.27.16
INSTALLED plugins/blueocean-personalization.jpi : 1.27.16
INSTALLED plugins/workflow-basic-steps.jpi : 1058.vcb_fc1e3a_21a_9
INSTALLED plugins/docker-workflow.jpi : 580.vc0c340686b_54
INSTALLED plugins/blueocean-commons.jpi : 1.27.16
INSTALLED plugins/jaxb.jpi : 2.3.9-1
INSTALLED plugins/structs.jpi : 338.v848422169819
INSTALLED plugins/git.jpi : 5.6.0
INSTALLED plugins/workflow-api.jpi : 1336.vee415d95c521
INSTALLED plugins/instance-identity.jpi : 201.vd2a_b_5a_468a_a_6
INSTALLED plugins/variant.jpi : 60.v7290fc0eb_b_cd
INSTALLED plugins/snakeyaml-api.jpi : 2.3-123.v13484c65210a_
INSTALLED plugins/workflow-step-api.jpi : 678.v3ee58b_469476
INSTALLED plugins/jakarta-activation-api.jpi : 2.1.3-1
INSTALLED plugins/gson-api.jpi : 2.11.0-85.v1f4e87273c33
INSTALLED plugins/durable-task.jpi : 581.v299a_5609d767
INSTALLED plugins/pipeline-build-step.jpi : 540.vb_e8849e1a_b_d8
INSTALLED plugins/blueocean-git-pipeline.jpi : 1.27.16
INSTALLED plugins/blueocean-pipeline-editor.jpi : 1.27.16
INSTALLED plugins/apache-httpcomponents-client-4-api.jpi : 4.5.14-208.v438351942757
INSTALLED plugins/cloudbees-bitbucket-branch-source.jpi : 933.0.2
--- Copying files at Sat Dec 21 01:03:01 UTC 2024
INSTALLED plugins/ionicons-api.jpi : 74.v93d5eb_813d5f
INSTALLED plugins/joda-time-api.jpi : 2.13.0-93.v9934da_29b_a_e9
INSTALLED plugins/checks-api.jpi : 2.2.1
INSTALLED plugins/blueocean-rest.jpi : 1.27.16
INSTALLED plugins/blueocean-web.jpi : 1.27.16
INSTALLED plugins/pipeline-milestone-step.jpi : 119.vdfdc43fc3b_9a_
INSTALLED plugins/jackson2-api.jpi : 2.17.0-379.v02de8ec9f64c
INSTALLED plugins/pipeline-model-extensions.jpi : 2.2218.v56d0cda_37c72
INSTALLED plugins/echarts-api.jpi : 5.5.1-4
INSTALLED plugins/pipeline-groovy-lib.jpi : 744.v5b_556ee7c253
INSTALLED plugins/blueocean.jpi : 1.27.16
INSTALLED plugins/sse-gateway.jpi : 1.27
INSTALLED plugins/junit.jpi : 1312.v1a_235a_b_94a_31
INSTALLED plugins/pipeline-graph-analysis.jpi : 216.vfd8b_ece330ca_
INSTALLED plugins/mailer.jpi : 489.vd4b_25144138f
INSTALLED plugins/pipeline-model-api.jpi : 2.2218.v56d0cda_37c72
INSTALLED plugins/blueocean-rest-impl.jpi : 1.27.16
INSTALLED plugins/credentials.jpi : 1405.vb_cda_74a_f8974
INSTALLED plugins/matrix-project.jpi : 840.v812f627cb_578
INSTALLED plugins/blueocean-dashboard.jpi : 1.27.16
INSTALLED plugins/okhttp-api.jpi : 4.11.0-183.va_87fc7a_89810
INSTALLED plugins/ssh-credentials.jpi : 349.vb_8b_6b_9709f5b_
INSTALLED plugins/blueocean-pipeline-scm-api.jpi : 1.27.16
INSTALLED plugins/credentials-binding.jpi : 687.v619cb_15e923f
INSTALLED plugins/pipeline-model-definition.jpi : 2.2218.v56d0cda_37c72
INSTALLED plugins/workflow-cps.jpi : 4002.v80ca_d0f47d7f
INSTALLED plugins/blueocean-events.jpi : 1.27.16
INSTALLED plugins/mina-sshd-api-common.jpi : 2.14.0-136.v4d2b_0853615e
INSTALLED plugins/pipeline-input-step.jpi : 495.ve9c153f6067b_
INSTALLED plugins/font-awesome-api.jpi : 6.6.0-2
INSTALLED plugins/blueocean-i18n.jpi : 1.27.16
INSTALLED plugins/docker-commons.jpi : 445.v6b_646c962a_94
INSTALLED plugins/javax-activation-api.jpi : 1.2.0-7
INSTALLED plugins/pubsub-light.jpi : 1.18
INSTALLED plugins/plain-credentials.jpi : 183.va_de8f1dd5a_2b_
INSTALLED plugins/jakarta-mail-api.jpi : 2.1.3-1
INSTALLED plugins/blueocean-config.jpi : 1.27.16
INSTALLED plugins/script-security.jpi : 1369.v9b_98a_4e95b_2d
--- Copied files finished at Sat Dec 21 01:03:04 UTC 2024
--- Copying files at Sat Dec 21 01:05:21 UTC 2024
SKIPPED plugins/workflow-job.jpi : Image version (1436.vfa_244484591f) is older than installed version (1472.ve4d5eca_143c4)
SKIPPED plugins/git-client.jpi : Image version (5.0.0) is older than installed version (6.1.0)
SKIPPED plugins/github-api.jpi : Image version (1.321-468.v6a_9f5f2d5a_7e) is older than installed version (1.321-478.vc9ce627ce001)
SKIPPED plugins/display-url-api.jpi : Image version (2.204.vf6fddd8a_8b_e9) is older than installed version (2.209.v582ed814ff2f)
SKIPPED plugins/scm-api.jpi : Image version (696.v778d637b_a_762) is older than installed version (698.v8e3b_c788f0a_6)
SKIPPED plugins/cloudbees-folder.jpi : Image version (6.955.v81e2a_35c08d3) is older than installed version (6.975.v4161e479479f)
SKIPPED plugins/workflow-durable-task-step.jpi : Image version (1378.v6a_3e903058a_3) is older than installed version (1398.vf6c9e89e5988)
SKIPPED plugins/git.jpi : Image version (5.5.2) is older than installed version (5.6.0)
SKIPPED plugins/cloudbees-bitbucket-branch-source.jpi : Image version (912.v3b_f74026941c) is older than installed version (933.0.2)
SKIPPED plugins/mailer.jpi : Image version (488.v0c9639c1a_eb_3) is older than installed version (489.vd4b_25144138f)
SKIPPED plugins/credentials.jpi : Image version (1384.vf0a_2ed06f9c6) is older than installed version (1405.vb_cda_74a_f8974)
SKIPPED plugins/matrix-project.jpi : Image version (839.vff91cd7e3a_b_2) is older than installed version (840.v812f627cb_578)
SKIPPED plugins/okhttp-api.jpi : Image version (4.11.0-172.vda_da_1feeb_c6e) is older than installed version (4.11.0-183.va_87fc7a_89810)
SKIPPED plugins/credentials-binding.jpi : Image version (681.vf91669a_32e45) is older than installed version (687.v619cb_15e923f)
--- Copied files finished at Sat Dec 21 01:05:28 UTC 2024
--- Copying files at Sat Dec 21 01:08:30 UTC 2024
SKIPPED plugins/workflow-job.jpi : Image version (1436.vfa_244484591f) is older than installed version (1472.ve4d5eca_143c4)
SKIPPED plugins/git-client.jpi : Image version (5.0.0) is older than installed version (6.1.0)
SKIPPED plugins/github-api.jpi : Image version (1.321-468.v6a_9f5f2d5a_7e) is older than installed version (1.321-478.vc9ce627ce001)
SKIPPED plugins/display-url-api.jpi : Image version (2.204.vf6fddd8a_8b_e9) is older than installed version (2.209.v582ed814ff2f)
SKIPPED plugins/scm-api.jpi : Image version (696.v778d637b_a_762) is older than installed version (698.v8e3b_c788f0a_6)
SKIPPED plugins/cloudbees-folder.jpi : Image version (6.955.v81e2a_35c08d3) is older than installed version (6.975.v4161e479479f)
SKIPPED plugins/workflow-durable-task-step.jpi : Image version (1378.v6a_3e903058a_3) is older than installed version (1398.vf6c9e89e5988)
SKIPPED plugins/git.jpi : Image version (5.5.2) is older than installed version (5.6.0)
SKIPPED plugins/cloudbees-bitbucket-branch-source.jpi : Image version (912.v3b_f74026941c) is older than installed version (933.0.2)
SKIPPED plugins/mailer.jpi : Image version (488.v0c9639c1a_eb_3) is older than installed version (489.vd4b_25144138f)
SKIPPED plugins/credentials.jpi : Image version (1384.vf0a_2ed06f9c6) is older than installed version (1405.vb_cda_74a_f8974)
SKIPPED plugins/matrix-project.jpi : Image version (839.vff91cd7e3a_b_2) is older than installed version (840.v812f627cb_578)
SKIPPED plugins/okhttp-api.jpi : Image version (4.11.0-172.vda_da_1feeb_c6e) is older than installed version (4.11.0-183.va_87fc7a_89810)
SKIPPED plugins/credentials-binding.jpi : Image version (681.vf91669a_32e45) is older than installed version (687.v619cb_15e923f)
--- Copied files finished at Sat Dec 21 01:08:34 UTC 2024
--- Copying files at Sat Dec 21 01:11:18 UTC 2024
SKIPPED plugins/workflow-job.jpi : Image version (1436.vfa_244484591f) is older than installed version (1472.ve4d5eca_143c4)
SKIPPED plugins/git-client.jpi : Image version (5.0.0) is older than installed version (6.1.0)
SKIPPED plugins/github-api.jpi : Image version (1.321-468.v6a_9f5f2d5a_7e) is older than installed version (1.321-478.vc9ce627ce001)
SKIPPED plugins/display-url-api.jpi : Image version (2.204.vf6fddd8a_8b_e9) is older than installed version (2.209.v582ed814ff2f)
SKIPPED plugins/scm-api.jpi : Image version (696.v778d637b_a_762) is older than installed version (698.v8e3b_c788f0a_6)
SKIPPED plugins/cloudbees-folder.jpi : Image version (6.955.v81e2a_35c08d3) is older than installed version (6.975.v4161e479479f)
SKIPPED plugins/workflow-durable-task-step.jpi : Image version (1378.v6a_3e903058a_3) is older than installed version (1398.vf6c9e89e5988)
SKIPPED plugins/git.jpi : Image version (5.5.2) is older than installed version (5.6.0)
SKIPPED plugins/cloudbees-bitbucket-branch-source.jpi : Image version (912.v3b_f74026941c) is older than installed version (933.0.2)
SKIPPED plugins/mailer.jpi : Image version (488.v0c9639c1a_eb_3) is older than installed version (489.vd4b_25144138f)
SKIPPED plugins/credentials.jpi : Image version (1384.vf0a_2ed06f9c6) is older than installed version (1405.vb_cda_74a_f8974)
SKIPPED plugins/matrix-project.jpi : Image version (839.vff91cd7e3a_b_2) is older than installed version (840.v812f627cb_578)
SKIPPED plugins/okhttp-api.jpi : Image version (4.11.0-172.vda_da_1feeb_c6e) is older than installed version (4.11.0-183.va_87fc7a_89810)
SKIPPED plugins/credentials-binding.jpi : Image version (681.vf91669a_32e45) is older than installed version (687.v619cb_15e923f)
--- Copied files finished at Sat Dec 21 01:11:22 UTC 2024
--- Copying files at Sat Dec 21 01:17:01 UTC 2024
SKIPPED plugins/workflow-job.jpi : Image version (1436.vfa_244484591f) is older than installed version (1472.ve4d5eca_143c4)
SKIPPED plugins/git-client.jpi : Image version (5.0.0) is older than installed version (6.1.0)
SKIPPED plugins/github-api.jpi : Image version (1.321-468.v6a_9f5f2d5a_7e) is older than installed version (1.321-478.vc9ce627ce001)
SKIPPED plugins/display-url-api.jpi : Image version (2.204.vf6fddd8a_8b_e9) is older than installed version (2.209.v582ed814ff2f)
SKIPPED plugins/scm-api.jpi : Image version (696.v778d637b_a_762) is older than installed version (698.v8e3b_c788f0a_6)
SKIPPED plugins/cloudbees-folder.jpi : Image version (6.955.v81e2a_35c08d3) is older than installed version (6.975.v4161e479479f)
SKIPPED plugins/workflow-durable-task-step.jpi : Image version (1378.v6a_3e903058a_3) is older than installed version (1398.vf6c9e89e5988)
SKIPPED plugins/git.jpi : Image version (5.5.2) is older than installed version (5.6.0)
SKIPPED plugins/cloudbees-bitbucket-branch-source.jpi : Image version (912.v3b_f74026941c) is older than installed version (933.0.2)
SKIPPED plugins/mailer.jpi : Image version (488.v0c9639c1a_eb_3) is older than installed version (489.vd4b_25144138f)
SKIPPED plugins/credentials.jpi : Image version (1384.vf0a_2ed06f9c6) is older than installed version (1405.vb_cda_74a_f8974)
SKIPPED plugins/matrix-project.jpi : Image version (839.vff91cd7e3a_b_2) is older than installed version (840.v812f627cb_578)
SKIPPED plugins/okhttp-api.jpi : Image version (4.11.0-172.vda_da_1feeb_c6e) is older than installed version (4.11.0-183.va_87fc7a_89810)
SKIPPED plugins/credentials-binding.jpi : Image version (681.vf91669a_32e45) is older than installed version (687.v619cb_15e923f)
--- Copied files finished at Sat Dec 21 01:17:05 UTC 2024
--- Copying files at Sat Dec 21 01:20:28 UTC 2024
SKIPPED plugins/workflow-job.jpi : Image version (1436.vfa_244484591f) is older than installed version (1472.ve4d5eca_143c4)
SKIPPED plugins/git-client.jpi : Image version (5.0.0) is older than installed version (6.1.0)
SKIPPED plugins/github-api.jpi : Image version (1.321-468.v6a_9f5f2d5a_7e) is older than installed version (1.321-478.vc9ce627ce001)
SKIPPED plugins/display-url-api.jpi : Image version (2.204.vf6fddd8a_8b_e9) is older than installed version (2.209.v582ed814ff2f)
SKIPPED plugins/scm-api.jpi : Image version (696.v778d637b_a_762) is older than installed version (698.v8e3b_c788f0a_6)
SKIPPED plugins/cloudbees-folder.jpi : Image version (6.955.v81e2a_35c08d3) is older than installed version (6.975.v4161e479479f)
SKIPPED plugins/workflow-durable-task-step.jpi : Image version (1378.v6a_3e903058a_3) is older than installed version (1398.vf6c9e89e5988)
SKIPPED plugins/git.jpi : Image version (5.5.2) is older than installed version (5.6.0)
SKIPPED plugins/cloudbees-bitbucket-branch-source.jpi : Image version (912.v3b_f74026941c) is older than installed version (933.0.2)
SKIPPED plugins/mailer.jpi : Image version (488.v0c9639c1a_eb_3) is older than installed version (489.vd4b_25144138f)
SKIPPED plugins/credentials.jpi : Image version (1384.vf0a_2ed06f9c6) is older than installed version (1405.vb_cda_74a_f8974)
SKIPPED plugins/matrix-project.jpi : Image version (839.vff91cd7e3a_b_2) is older than installed version (840.v812f627cb_578)
SKIPPED plugins/okhttp-api.jpi : Image version (4.11.0-172.vda_da_1feeb_c6e) is older than installed version (4.11.0-183.va_87fc7a_89810)
SKIPPED plugins/credentials-binding.jpi : Image version (681.vf91669a_32e45) is older than installed version (687.v619cb_15e923f)
--- Copied files finished at Sat Dec 21 01:20:32 UTC 2024
--- Copying files at Sat Dec 21 01:26:33 UTC 2024
SKIPPED plugins/workflow-job.jpi : Image version (1436.vfa_244484591f) is older than installed version (1472.ve4d5eca_143c4)
SKIPPED plugins/git-client.jpi : Image version (5.0.0) is older than installed version (6.1.0)
SKIPPED plugins/github-api.jpi : Image version (1.321-468.v6a_9f5f2d5a_7e) is older than installed version (1.321-478.vc9ce627ce001)
SKIPPED plugins/display-url-api.jpi : Image version (2.204.vf6fddd8a_8b_e9) is older than installed version (2.209.v582ed814ff2f)
SKIPPED plugins/scm-api.jpi : Image version (696.v778d637b_a_762) is older than installed version (698.v8e3b_c788f0a_6)
SKIPPED plugins/cloudbees-folder.jpi : Image version (6.955.v81e2a_35c08d3) is older than installed version (6.975.v4161e479479f)
SKIPPED plugins/workflow-durable-task-step.jpi : Image version (1378.v6a_3e903058a_3) is older than installed version (1398.vf6c9e89e5988)
SKIPPED plugins/git.jpi : Image version (5.5.2) is older than installed version (5.6.0)
SKIPPED plugins/cloudbees-bitbucket-branch-source.jpi : Image version (912.v3b_f74026941c) is older than installed version (933.0.2)
SKIPPED plugins/mailer.jpi : Image version (488.v0c9639c1a_eb_3) is older than installed version (489.vd4b_25144138f)
SKIPPED plugins/credentials.jpi : Image version (1384.vf0a_2ed06f9c6) is older than installed version (1405.vb_cda_74a_f8974)
SKIPPED plugins/matrix-project.jpi : Image version (839.vff91cd7e3a_b_2) is older than installed version (840.v812f627cb_578)
SKIPPED plugins/okhttp-api.jpi : Image version (4.11.0-172.vda_da_1feeb_c6e) is older than installed version (4.11.0-183.va_87fc7a_89810)
SKIPPED plugins/credentials-binding.jpi : Image version (681.vf91669a_32e45) is older than installed version (687.v619cb_15e923f)
--- Copied files finished at Sat Dec 21 01:26:37 UTC 2024
--- Copying files at Sat Dec 21 01:29:59 UTC 2024
--- Copied files finished at Sat Dec 21 01:29:59 UTC 2024
--- Copying files at Sat Dec 21 01:33:10 UTC 2024
--- Copied files finished at Sat Dec 21 01:33:10 UTC 2024
--- Copying files at Sat Dec 21 01:43:48 UTC 2024
--- Copied files finished at Sat Dec 21 01:43:48 UTC 2024
--- Copying files at Sat Dec 21 01:55:36 UTC 2024
--- Copied files finished at Sat Dec 21 01:55:36 UTC 2024
--- Copying files at Sat Dec 21 04:12:15 UTC 2024
--- Copied files finished at Sat Dec 21 04:12:15 UTC 2024
--- Copying files at Sat Dec 21 04:23:53 UTC 2024
--- Copied files finished at Sat Dec 21 04:23:53 UTC 2024
--- Copying files at Sat Dec 21 04:29:12 UTC 2024
--- Copied files finished at Sat Dec 21 04:29:12 UTC 2024
--- Copying files at Sat Dec 21 04:40:11 UTC 2024
INSTALLED plugins/workflow-aggregator.jpi : 600.vb_57cdd26fdd7
--- Copied files finished at Sat Dec 21 04:40:17 UTC 2024
--- Copying files at Sat Dec 21 04:46:11 UTC 2024
--- Copied files finished at Sat Dec 21 04:46:15 UTC 2024
--- Copying files at Sat Dec 21 05:57:55 UTC 2024
--- Copied files finished at Sat Dec 21 05:58:00 UTC 2024
--- Copying files at Sat Dec 21 07:08:58 UTC 2024
--- Copied files finished at Sat Dec 21 07:09:01 UTC 2024
--- Copying files at Sat Dec 21 07:17:19 UTC 2024
--- Copied files finished at Sat Dec 21 07:17:22 UTC 2024
--- Copying files at Sat Dec 21 07:22:15 UTC 2024
--- Copied files finished at Sat Dec 21 07:22:23 UTC 2024
--- Copying files at Sat Dec 21 08:35:22 UTC 2024
--- Copied files finished at Sat Dec 21 08:35:25 UTC 2024
--- Copying files at Sat Dec 21 08:39:07 UTC 2024
--- Copied files finished at Sat Dec 21 08:39:11 UTC 2024
--- Copying files at Sat Dec 21 09:16:56 UTC 2024
--- Copied files finished at Sat Dec 21 09:16:59 UTC 2024
